2025-06-19 15:51:19 - __main__ - DEBUG - Результат выбора: [{'type': 'directory', 'path': '/home/k1to/projects/patriot-system/src', 'relative': 'src'}]
2025-06-19 15:51:19 - __main__ - DEBUG - Обрабатывается выбранный элемент: {'type': 'directory', 'path': '/home/k1to/projects/patriot-system/src', 'relative': 'src'}
2025-06-19 15:51:19 - __main__ - DEBUG - Добавлен файл из директории: src/App.tsx
2025-06-19 15:51:19 - __main__ - DEBUG - Добавлен файл из директории: src/vite-env.d.ts
2025-06-19 15:51:19 - __main__ - DEBUG - Добавлен файл из директории: src/main.tsx
2025-06-19 15:51:19 - __main__ - DEBUG - Добавлен файл из директории: src/redux/store/Store.tsx
2025-06-19 15:51:19 - __main__ - DEBUG - Добавлен файл из директории: src/redux/features/devices/deviceSlise.ts
2025-06-19 15:51:19 - __main__ - DEBUG - Добавлен файл из директории: src/redux/features/map/mapSlice.ts
2025-06-19 15:51:19 - __main__ - DEBUG - Добавлен файл из директории: src/mockData/deviceMockData.ts
2025-06-19 15:51:19 - __main__ - DEBUG - Добавлен файл из директории: src/features/map/MapFeature.tsx
2025-06-19 15:51:19 - __main__ - DEBUG - Добавлен файл из директории: src/features/map/Map.tsx
2025-06-19 15:51:19 - __main__ - DEBUG - Добавлен файл из директории: src/router/index.tsx
2025-06-19 15:51:19 - __main__ - DEBUG - Добавлен файл из директории: src/components/deviceMap/DeviceMarker.css
2025-06-19 15:51:19 - __main__ - DEBUG - Добавлен файл из директории: src/components/deviceMap/DeviceMarker.tsx
2025-06-19 15:51:19 - __main__ - DEBUG - Добавлен файл из директории: src/components/deviceMap/deviceMapSlice.ts
2025-06-19 15:51:19 - __main__ - DEBUG - Добавлен файл из директории: src/components/deviceMap/SystemMenu.css
2025-06-19 15:51:19 - __main__ - DEBUG - Добавлен файл из директории: src/components/deviceMap/SystemMenu.tsx
2025-06-19 15:51:19 - __main__ - DEBUG - Добавлен файл из директории: src/components/deviceMap/ZoneCircle.tsx
2025-06-19 15:51:19 - __main__ - DEBUG - Добавлен файл из директории: src/components/deviceMap/DeviceRadiusRuler.tsx
2025-06-19 15:51:19 - __main__ - DEBUG - Добавлен файл из директории: src/components/toolbar/Toolbar.tsx
2025-06-19 15:51:19 - __main__ - DEBUG - Добавлен файл из директории: src/components/toolbar/Toolbar.css
2025-06-19 15:51:19 - __main__ - DEBUG - Добавлен файл из директории: src/components/gridOverlayComponent/gridSlice.ts
2025-06-19 15:51:19 - __main__ - DEBUG - Добавлен файл из директории: src/components/gridOverlayComponent/GridOverlay.tsx
2025-06-19 15:51:19 - __main__ - DEBUG - Добавлен файл из директории: src/pages/MainPage.tsx
2025-06-19 15:51:19 - __main__ - DEBUG - Добавлен файл из директории: src/types/map.ts
2025-06-19 15:51:19 - __main__ - DEBUG - Добавлен файл из директории: src/types/devices.ts
2025-06-19 15:51:24 - __main__ - INFO - Выбраны пути для экспорта: ['src/App.tsx', 'src/vite-env.d.ts', 'src/main.tsx', 'src/redux/store/Store.tsx', 'src/redux/features/devices/deviceSlise.ts', 'src/redux/features/map/mapSlice.ts', 'src/mockData/deviceMockData.ts', 'src/features/map/MapFeature.tsx', 'src/features/map/Map.tsx', 'src/router/index.tsx', 'src/components/deviceMap/DeviceMarker.css', 'src/components/deviceMap/DeviceMarker.tsx', 'src/components/deviceMap/deviceMapSlice.ts', 'src/components/deviceMap/SystemMenu.css', 'src/components/deviceMap/SystemMenu.tsx', 'src/components/deviceMap/ZoneCircle.tsx', 'src/components/deviceMap/DeviceRadiusRuler.tsx', 'src/components/toolbar/Toolbar.tsx', 'src/components/toolbar/Toolbar.css', 'src/components/gridOverlayComponent/gridSlice.ts', 'src/components/gridOverlayComponent/GridOverlay.tsx', 'src/pages/MainPage.tsx', 'src/types/map.ts', 'src/types/devices.ts']
2025-06-19 15:51:24 - __main__ - INFO - Максимальный уровень вложенности: Без ограничений
2025-06-19 15:51:24 - __main__ - DEBUG - Исходные директории: ['.git', 'src', 'node_modules']
2025-06-19 15:51:24 - __main__ - DEBUG - Обрабатывается директория: /home/k1to/projects/patriot-system
2025-06-19 15:51:24 - __main__ - DEBUG - Директории после фильтрации: ['src']
2025-06-19 15:51:24 - __main__ - DEBUG - Исходные директории: ['providers', 'redux', 'mockData', 'styles', 'hooks', 'utils', 'features', 'layouts', 'router', 'components', 'pages', 'types']
2025-06-19 15:51:24 - __main__ - DEBUG - Обрабатывается директория: /home/k1to/projects/patriot-system/src
2025-06-19 15:51:24 - __main__ - DEBUG - Директории после фильтрации: ['providers', 'redux', 'mockData', 'styles', 'hooks', 'utils', 'features', 'layouts', 'router', 'components', 'pages', 'types']
2025-06-19 15:51:24 - __main__ - INFO - Обработка файла: src/App.tsx
2025-06-19 15:51:24 - __main__ - INFO - Обработка файла: src/vite-env.d.ts
2025-06-19 15:51:24 - __main__ - INFO - Обработка файла: src/main.tsx
2025-06-19 15:51:24 - __main__ - DEBUG - Исходные директории: []
2025-06-19 15:51:24 - __main__ - DEBUG - Обрабатывается директория: /home/k1to/projects/patriot-system/src/providers
2025-06-19 15:51:24 - __main__ - DEBUG - Директории после фильтрации: []
2025-06-19 15:51:24 - __main__ - DEBUG - Исходные директории: ['store', 'features']
2025-06-19 15:51:24 - __main__ - DEBUG - Обрабатывается директория: /home/k1to/projects/patriot-system/src/redux
2025-06-19 15:51:24 - __main__ - DEBUG - Директории после фильтрации: ['store', 'features']
2025-06-19 15:51:24 - __main__ - DEBUG - Исходные директории: []
2025-06-19 15:51:24 - __main__ - DEBUG - Обрабатывается директория: /home/k1to/projects/patriot-system/src/redux/store
2025-06-19 15:51:24 - __main__ - DEBUG - Директории после фильтрации: []
2025-06-19 15:51:24 - __main__ - INFO - Обработка файла: src/redux/store/Store.tsx
2025-06-19 15:51:24 - __main__ - DEBUG - Исходные директории: ['devices', 'map']
2025-06-19 15:51:24 - __main__ - DEBUG - Обрабатывается директория: /home/k1to/projects/patriot-system/src/redux/features
2025-06-19 15:51:24 - __main__ - DEBUG - Директории после фильтрации: ['devices', 'map']
2025-06-19 15:51:24 - __main__ - DEBUG - Исходные директории: []
2025-06-19 15:51:24 - __main__ - DEBUG - Обрабатывается директория: /home/k1to/projects/patriot-system/src/redux/features/devices
2025-06-19 15:51:24 - __main__ - DEBUG - Директории после фильтрации: []
2025-06-19 15:51:24 - __main__ - INFO - Обработка файла: src/redux/features/devices/deviceSlise.ts
2025-06-19 15:51:24 - __main__ - DEBUG - Исходные директории: []
2025-06-19 15:51:24 - __main__ - DEBUG - Обрабатывается директория: /home/k1to/projects/patriot-system/src/redux/features/map
2025-06-19 15:51:24 - __main__ - DEBUG - Директории после фильтрации: []
2025-06-19 15:51:24 - __main__ - INFO - Обработка файла: src/redux/features/map/mapSlice.ts
2025-06-19 15:51:24 - __main__ - DEBUG - Исходные директории: []
2025-06-19 15:51:24 - __main__ - DEBUG - Обрабатывается директория: /home/k1to/projects/patriot-system/src/mockData
2025-06-19 15:51:24 - __main__ - DEBUG - Директории после фильтрации: []
2025-06-19 15:51:24 - __main__ - INFO - Обработка файла: src/mockData/deviceMockData.ts
2025-06-19 15:51:24 - __main__ - DEBUG - Исходные директории: []
2025-06-19 15:51:24 - __main__ - DEBUG - Обрабатывается директория: /home/k1to/projects/patriot-system/src/styles
2025-06-19 15:51:24 - __main__ - DEBUG - Директории после фильтрации: []
2025-06-19 15:51:24 - __main__ - DEBUG - Исходные директории: []
2025-06-19 15:51:24 - __main__ - DEBUG - Обрабатывается директория: /home/k1to/projects/patriot-system/src/hooks
2025-06-19 15:51:24 - __main__ - DEBUG - Директории после фильтрации: []
2025-06-19 15:51:24 - __main__ - DEBUG - Исходные директории: []
2025-06-19 15:51:24 - __main__ - DEBUG - Обрабатывается директория: /home/k1to/projects/patriot-system/src/utils
2025-06-19 15:51:24 - __main__ - DEBUG - Директории после фильтрации: []
2025-06-19 15:51:24 - __main__ - DEBUG - Исходные директории: ['map']
2025-06-19 15:51:24 - __main__ - DEBUG - Обрабатывается директория: /home/k1to/projects/patriot-system/src/features
2025-06-19 15:51:24 - __main__ - DEBUG - Директории после фильтрации: ['map']
2025-06-19 15:51:24 - __main__ - DEBUG - Исходные директории: []
2025-06-19 15:51:24 - __main__ - DEBUG - Обрабатывается директория: /home/k1to/projects/patriot-system/src/features/map
2025-06-19 15:51:24 - __main__ - DEBUG - Директории после фильтрации: []
2025-06-19 15:51:24 - __main__ - INFO - Обработка файла: src/features/map/MapFeature.tsx
2025-06-19 15:51:24 - __main__ - INFO - Обработка файла: src/features/map/Map.tsx
2025-06-19 15:51:24 - __main__ - DEBUG - Исходные директории: []
2025-06-19 15:51:24 - __main__ - DEBUG - Обрабатывается директория: /home/k1to/projects/patriot-system/src/layouts
2025-06-19 15:51:24 - __main__ - DEBUG - Директории после фильтрации: []
2025-06-19 15:51:24 - __main__ - DEBUG - Исходные директории: []
2025-06-19 15:51:24 - __main__ - DEBUG - Обрабатывается директория: /home/k1to/projects/patriot-system/src/router
2025-06-19 15:51:24 - __main__ - DEBUG - Директории после фильтрации: []
2025-06-19 15:51:24 - __main__ - INFO - Обработка файла: src/router/index.tsx
2025-06-19 15:51:24 - __main__ - DEBUG - Исходные директории: ['deviceMap', 'toolbar', 'gridOverlayComponent']
2025-06-19 15:51:24 - __main__ - DEBUG - Обрабатывается директория: /home/k1to/projects/patriot-system/src/components
2025-06-19 15:51:24 - __main__ - DEBUG - Директории после фильтрации: ['deviceMap', 'toolbar', 'gridOverlayComponent']
2025-06-19 15:51:24 - __main__ - DEBUG - Исходные директории: []
2025-06-19 15:51:24 - __main__ - DEBUG - Обрабатывается директория: /home/k1to/projects/patriot-system/src/components/deviceMap
2025-06-19 15:51:24 - __main__ - DEBUG - Директории после фильтрации: []
2025-06-19 15:51:24 - __main__ - INFO - Обработка файла: src/components/deviceMap/DeviceMarker.css
2025-06-19 15:51:24 - __main__ - INFO - Обработка файла: src/components/deviceMap/DeviceMarker.tsx
2025-06-19 15:51:24 - __main__ - INFO - Обработка файла: src/components/deviceMap/deviceMapSlice.ts
2025-06-19 15:51:24 - __main__ - INFO - Обработка файла: src/components/deviceMap/SystemMenu.css
2025-06-19 15:51:24 - __main__ - INFO - Обработка файла: src/components/deviceMap/SystemMenu.tsx
2025-06-19 15:51:24 - __main__ - INFO - Обработка файла: src/components/deviceMap/ZoneCircle.tsx
2025-06-19 15:51:24 - __main__ - INFO - Обработка файла: src/components/deviceMap/DeviceRadiusRuler.tsx
2025-06-19 15:51:24 - __main__ - DEBUG - Исходные директории: []
2025-06-19 15:51:24 - __main__ - DEBUG - Обрабатывается директория: /home/k1to/projects/patriot-system/src/components/toolbar
2025-06-19 15:51:24 - __main__ - DEBUG - Директории после фильтрации: []
2025-06-19 15:51:24 - __main__ - INFO - Обработка файла: src/components/toolbar/Toolbar.tsx
2025-06-19 15:51:24 - __main__ - INFO - Обработка файла: src/components/toolbar/Toolbar.css
2025-06-19 15:51:24 - __main__ - DEBUG - Исходные директории: []
2025-06-19 15:51:24 - __main__ - DEBUG - Обрабатывается директория: /home/k1to/projects/patriot-system/src/components/gridOverlayComponent
2025-06-19 15:51:24 - __main__ - DEBUG - Директории после фильтрации: []
2025-06-19 15:51:24 - __main__ - INFO - Обработка файла: src/components/gridOverlayComponent/gridSlice.ts
2025-06-19 15:51:24 - __main__ - INFO - Обработка файла: src/components/gridOverlayComponent/GridOverlay.tsx
2025-06-19 15:51:24 - __main__ - DEBUG - Исходные директории: []
2025-06-19 15:51:24 - __main__ - DEBUG - Обрабатывается директория: /home/k1to/projects/patriot-system/src/pages
2025-06-19 15:51:24 - __main__ - DEBUG - Директории после фильтрации: []
2025-06-19 15:51:24 - __main__ - INFO - Обработка файла: src/pages/MainPage.tsx
2025-06-19 15:51:24 - __main__ - DEBUG - Исходные директории: []
2025-06-19 15:51:24 - __main__ - DEBUG - Обрабатывается директория: /home/k1to/projects/patriot-system/src/types
2025-06-19 15:51:24 - __main__ - DEBUG - Директории после фильтрации: []
2025-06-19 15:51:24 - __main__ - INFO - Обработка файла: src/types/map.ts
2025-06-19 15:51:24 - __main__ - INFO - Обработка файла: src/types/devices.ts
2025-06-19 15:51:24 - __main__ - INFO - Включено файлов: 24
2025-06-19 15:51:24 - __main__ - DEBUG - Включенные файлы: src/App.tsx, src/vite-env.d.ts, src/main.tsx, src/redux/store/Store.tsx, src/redux/features/devices/deviceSlise.ts, src/redux/features/map/mapSlice.ts, src/mockData/deviceMockData.ts, src/features/map/MapFeature.tsx, src/features/map/Map.tsx, src/router/index.tsx, src/components/deviceMap/DeviceMarker.css, src/components/deviceMap/DeviceMarker.tsx, src/components/deviceMap/deviceMapSlice.ts, src/components/deviceMap/SystemMenu.css, src/components/deviceMap/SystemMenu.tsx, src/components/deviceMap/ZoneCircle.tsx, src/components/deviceMap/DeviceRadiusRuler.tsx, src/components/toolbar/Toolbar.tsx, src/components/toolbar/Toolbar.css, src/components/gridOverlayComponent/gridSlice.ts, src/components/gridOverlayComponent/GridOverlay.tsx, src/pages/MainPage.tsx, src/types/map.ts, src/types/devices.ts
